<?xml version="1.0" encoding="UTF-8"?>
<!-- Generated by org.testng.reporters.JUnitXMLReporter -->
<testsuite ignored="0" hostname="DESKTOP-BFDA5P9" failures="0" tests="6" name="Test2" time="134.337" errors="0" timestamp="2024-05-20T11:22:40 IST">
  <testcase classname="TestNgFashion.Ajio" name="ajio" time="23.23"/>
  <testcase classname="TestNgFashion.KalkiFashion" name="kFashion" time="26.223"/>
  <testcase classname="TestNgTravel.AbhiBus" name="abhiBus" time="25.12"/>
  <testcase classname="TestNgTravel.RedBus" name="redBus" time="23.554"/>
  <testcase classname="TestNgTravel.MakeMyTrip" name="makeTrip" time="16.955"/>
  <testcase classname="TestNgFashion.Dws" name="dws" time="19.201"/>
</testsuite> <!-- Test2 -->
