<?xml version="1.0" encoding="UTF-8"?>
<!-- Generated by org.testng.reporters.JUnitXMLReporter -->
<testsuite ignored="0" hostname="DESKTOP-BFDA5P9" failures="0" tests="6" name="Test1" time="85.61" errors="0" timestamp="2024-05-20T11:20:25 IST">
  <testcase classname="TestNgFashion.Ajio" name="ajio" time="10.685"/>
  <testcase classname="TestNgFashion.KalkiFashion" name="kFashion" time="17.586"/>
  <testcase classname="TestNgTravel.AbhiBus" name="abhiBus" time="12.066"/>
  <testcase classname="TestNgTravel.RedBus" name="redBus" time="23.845"/>
  <testcase classname="TestNgTravel.MakeMyTrip" name="makeTrip" time="10.262"/>
  <testcase classname="TestNgFashion.Dws" name="dws" time="11.071"/>
</testsuite> <!-- Test1 -->
