<?xml version="1.0" encoding="UTF-8"?>
<testng-results ignored="0" total="3" passed="1" failed="1" skipped="1">
  <reporter-output>
  </reporter-output>
  <suite started-at="2024-05-31T10:46:04 IST" name="Default suite" finished-at="2024-05-31T10:46:39 IST" duration-ms="35089">
    <groups>
    </groups>
    <test started-at="2024-05-31T10:46:04 IST" name="Default test" finished-at="2024-05-31T10:46:39 IST" duration-ms="35089">
      <class name="ExtentReport.reportWithGenerateTestCases">
        <test-method is-config="true" signature="beforeClass()[pri:0, instance:ExtentReport.reportWithGenerateTestCases@27462a88]" started-at="2024-05-31T10:46:05 IST" name="beforeClass" finished-at="2024-05-31T10:46:10 IST" duration-ms="5791" status="PASS">
          <reporter-output>
          </reporter-output>
        </test-method> <!-- beforeClass -->
        <test-method is-config="true" signature="beforeMethod()[pri:0, instance:ExtentReport.reportWithGenerateTestCases@27462a88]" started-at="2024-05-31T10:46:11 IST" name="beforeMethod" finished-at="2024-05-31T10:46:11 IST" duration-ms="0" status="PASS">
          <reporter-output>
          </reporter-output>
        </test-method> <!-- beforeMethod -->
        <test-method signature="dwsLoginWrong()[pri:0, instance:ExtentReport.reportWithGenerateTestCases@27462a88]" started-at="2024-05-31T10:46:11 IST" name="dwsLoginWrong" finished-at="2024-05-31T10:46:32 IST" duration-ms="21703" status="FAIL">
          <exception class="org.openqa.selenium.NoSuchElementException">
            <message>
              <![CDATA[no such element: Unable to locate element: {"method":"xpath","selector":"//a[text()='Log out']"}
  (Session info: chrome=125.0.6422.113)
For documentation on this error, please visit: https://www.selenium.dev/documentation/webdriver/troubleshooting/errors#no-such-element-exception
Build info: version: '4.16.1', revision: '9b4c83354e'
System info: os.name: 'Windows 10', os.arch: 'amd64', os.version: '10.0', java.version: '17.0.9'
Driver info: org.openqa.selenium.chrome.ChromeDriver
Command: [5713c43ac7d68e8768b2980a1937b079, findElement {using=xpath, value=//a[text()='Log out']}]
Capabilities {acceptInsecureCerts: false, browserName: chrome, browserVersion: 125.0.6422.113, chrome: {chromedriverVersion: 125.0.6422.141 (4b1e8393712..., userDataDir: C:\Users\user\AppData\Local...}, fedcm:accounts: true, goog:chromeOptions: {debuggerAddress: localhost:49384}, networkConnectionEnabled: false, pageLoadStrategy: normal, platformName: windows, proxy: Proxy(), se:cdp: ws://localhost:49384/devtoo..., se:cdpVersion: 125.0.6422.113, setWindowRect: true, strictFileInteractability: false, timeouts: {implicit: 0, pageLoad: 300000, script: 30000}, unhandledPromptBehavior: dismiss and notify, webauthn:extension:credBlob: true, webauthn:extension:largeBlob: true, webauthn:extension:minPinLength: true, webauthn:extension:prf: true, webauthn:virtualAuthenticators: true}
Session ID: 5713c43ac7d68e8768b2980a1937b079]]>
            </message>
            <full-stacktrace>
              <![CDATA[org.openqa.selenium.NoSuchElementException: no such element: Unable to locate element: {"method":"xpath","selector":"//a[text()='Log out']"}
  (Session info: chrome=125.0.6422.113)
For documentation on this error, please visit: https://www.selenium.dev/documentation/webdriver/troubleshooting/errors#no-such-element-exception
Build info: version: '4.16.1', revision: '9b4c83354e'
System info: os.name: 'Windows 10', os.arch: 'amd64', os.version: '10.0', java.version: '17.0.9'
Driver info: org.openqa.selenium.chrome.ChromeDriver
Command: [5713c43ac7d68e8768b2980a1937b079, findElement {using=xpath, value=//a[text()='Log out']}]
Capabilities {acceptInsecureCerts: false, browserName: chrome, browserVersion: 125.0.6422.113, chrome: {chromedriverVersion: 125.0.6422.141 (4b1e8393712..., userDataDir: C:\Users\user\AppData\Local...}, fedcm:accounts: true, goog:chromeOptions: {debuggerAddress: localhost:49384}, networkConnectionEnabled: false, pageLoadStrategy: normal, platformName: windows, proxy: Proxy(), se:cdp: ws://localhost:49384/devtoo..., se:cdpVersion: 125.0.6422.113, setWindowRect: true, strictFileInteractability: false, timeouts: {implicit: 0, pageLoad: 300000, script: 30000}, unhandledPromptBehavior: dismiss and notify, webauthn:extension:credBlob: true, webauthn:extension:largeBlob: true, webauthn:extension:minPinLength: true, webauthn:extension:prf: true, webauthn:virtualAuthenticators: true}
Session ID: 5713c43ac7d68e8768b2980a1937b079
at java.base/jdk.internal.reflect.NativeConstructorAccessorImpl.newInstance0(Native Method)
at java.base/jdk.internal.reflect.NativeConstructorAccessorImpl.newInstance(NativeConstructorAccessorImpl.java:77)
at java.base/jdk.internal.reflect.DelegatingConstructorAccessorImpl.newInstance(DelegatingConstructorAccessorImpl.java:45)
at java.base/java.lang.reflect.Constructor.newInstanceWithCaller(Constructor.java:499)
at java.base/java.lang.reflect.Constructor.newInstance(Constructor.java:480)
at org.openqa.selenium.remote.codec.w3c.W3CHttpResponseCodec.createException(W3CHttpResponseCodec.java:200)
at org.openqa.selenium.remote.codec.w3c.W3CHttpResponseCodec.decode(W3CHttpResponseCodec.java:133)
at org.openqa.selenium.remote.codec.w3c.W3CHttpResponseCodec.decode(W3CHttpResponseCodec.java:52)
at org.openqa.selenium.remote.HttpCommandExecutor.execute(HttpCommandExecutor.java:191)
at org.openqa.selenium.remote.service.DriverCommandExecutor.invokeExecute(DriverCommandExecutor.java:200)
at org.openqa.selenium.remote.service.DriverCommandExecutor.execute(DriverCommandExecutor.java:175)
at org.openqa.selenium.remote.RemoteWebDriver.execute(RemoteWebDriver.java:523)
at org.openqa.selenium.remote.ElementLocation$ElementFinder$2.findElement(ElementLocation.java:165)
at org.openqa.selenium.remote.ElementLocation.findElement(ElementLocation.java:59)
at org.openqa.selenium.remote.RemoteWebDriver.findElement(RemoteWebDriver.java:360)
at org.openqa.selenium.remote.RemoteWebDriver.findElement(RemoteWebDriver.java:354)
at ExtentReport.reportWithGenerateTestCases.dwsLoginWrong(reportWithGenerateTestCases.java:32)
at java.base/jdk.internal.reflect.NativeMethodAccessorImpl.invoke0(Native Method)
at java.base/jdk.internal.reflect.NativeMethodAccessorImpl.invoke(NativeMethodAccessorImpl.java:77)
at java.base/jdk.internal.reflect.DelegatingMethodAccessorImpl.invoke(DelegatingMethodAccessorImpl.java:43)
at java.base/java.lang.reflect.Method.invoke(Method.java:568)
at org.testng.internal.MethodInvocationHelper.invokeMethod(MethodInvocationHelper.java:133)
at org.testng.internal.TestInvoker.invokeMethod(TestInvoker.java:598)
at org.testng.internal.TestInvoker.invokeTestMethod(TestInvoker.java:173)
at org.testng.internal.MethodRunner.runInSequence(MethodRunner.java:46)
at org.testng.internal.TestInvoker$MethodInvocationAgent.invoke(TestInvoker.java:824)
at org.testng.internal.TestInvoker.invokeTestMethods(TestInvoker.java:146)
at org.testng.internal.TestMethodWorker.invokeTestMethods(TestMethodWorker.java:146)
at org.testng.internal.TestMethodWorker.run(TestMethodWorker.java:128)
at java.base/java.util.ArrayList.forEach(ArrayList.java:1511)
at org.testng.TestRunner.privateRun(TestRunner.java:794)
at org.testng.TestRunner.run(TestRunner.java:596)
at org.testng.SuiteRunner.runTest(SuiteRunner.java:377)
at org.testng.SuiteRunner.runSequentially(SuiteRunner.java:371)
at org.testng.SuiteRunner.privateRun(SuiteRunner.java:332)
at org.testng.SuiteRunner.run(SuiteRunner.java:276)
at org.testng.SuiteRunnerWorker.runSuite(SuiteRunnerWorker.java:53)
at org.testng.SuiteRunnerWorker.run(SuiteRunnerWorker.java:96)
at org.testng.TestNG.runSuitesSequentially(TestNG.java:1212)
at org.testng.TestNG.runSuitesLocally(TestNG.java:1134)
at org.testng.TestNG.runSuites(TestNG.java:1063)
at org.testng.TestNG.run(TestNG.java:1031)
at org.testng.remote.AbstractRemoteTestNG.run(AbstractRemoteTestNG.java:115)
at org.testng.remote.RemoteTestNG.initAndRun(RemoteTestNG.java:293)
at org.testng.remote.RemoteTestNG.main(RemoteTestNG.java:91)
]]>
            </full-stacktrace>
          </exception> <!-- org.openqa.selenium.NoSuchElementException -->
          <reporter-output>
          </reporter-output>
        </test-method> <!-- dwsLoginWrong -->
        <test-method is-config="true" signature="afterMethod()[pri:0, instance:ExtentReport.reportWithGenerateTestCases@27462a88]" started-at="2024-05-31T10:46:32 IST" name="afterMethod" finished-at="2024-05-31T10:46:32 IST" duration-ms="9" status="PASS">
          <reporter-output>
          </reporter-output>
        </test-method> <!-- afterMethod -->
        <test-method is-config="true" signature="beforeMethod()[pri:0, instance:ExtentReport.reportWithGenerateTestCases@27462a88]" started-at="2024-05-31T10:46:32 IST" name="beforeMethod" finished-at="2024-05-31T10:46:32 IST" duration-ms="0" status="PASS">
          <reporter-output>
          </reporter-output>
        </test-method> <!-- beforeMethod -->
        <test-method signature="dwsLoginCorrect()[pri:0, instance:ExtentReport.reportWithGenerateTestCases@27462a88]" started-at="2024-05-31T10:46:32 IST" name="dwsLoginCorrect" finished-at="2024-05-31T10:46:38 IST" duration-ms="6196" status="PASS">
          <reporter-output>
          </reporter-output>
        </test-method> <!-- dwsLoginCorrect -->
        <test-method is-config="true" signature="afterMethod()[pri:0, instance:ExtentReport.reportWithGenerateTestCases@27462a88]" started-at="2024-05-31T10:46:38 IST" name="afterMethod" finished-at="2024-05-31T10:46:38 IST" duration-ms="12" status="PASS">
          <reporter-output>
          </reporter-output>
        </test-method> <!-- afterMethod -->
        <test-method signature="redbus()[pri:0, instance:ExtentReport.reportWithGenerateTestCases@27462a88]" started-at="2024-05-31T10:46:39 IST" name="redbus" finished-at="2024-05-31T10:46:39 IST" depends-on-methods="ExtentReport.reportWithGenerateTestCases.dwsLoginWrong" duration-ms="0" status="SKIP">
          <exception class="java.lang.Throwable">
            <message>
              <![CDATA[Method reportWithGenerateTestCases.redbus()[pri:0, instance:ExtentReport.reportWithGenerateTestCases@27462a88] depends on not successfully finished methods]]>
            </message>
            <full-stacktrace>
              <![CDATA[java.lang.Throwable: Method reportWithGenerateTestCases.redbus()[pri:0, instance:ExtentReport.reportWithGenerateTestCases@27462a88] depends on not successfully finished methods
at org.testng.internal.TestInvoker.invokeTestMethods(TestInvoker.java:102)
at org.testng.internal.TestMethodWorker.invokeTestMethods(TestMethodWorker.java:146)
at org.testng.internal.TestMethodWorker.run(TestMethodWorker.java:128)
at java.base/java.util.ArrayList.forEach(ArrayList.java:1511)
at org.testng.TestRunner.privateRun(TestRunner.java:794)
at org.testng.TestRunner.run(TestRunner.java:596)
at org.testng.SuiteRunner.runTest(SuiteRunner.java:377)
at org.testng.SuiteRunner.runSequentially(SuiteRunner.java:371)
at org.testng.SuiteRunner.privateRun(SuiteRunner.java:332)
at org.testng.SuiteRunner.run(SuiteRunner.java:276)
at org.testng.SuiteRunnerWorker.runSuite(SuiteRunnerWorker.java:53)
at org.testng.SuiteRunnerWorker.run(SuiteRunnerWorker.java:96)
at org.testng.TestNG.runSuitesSequentially(TestNG.java:1212)
at org.testng.TestNG.runSuitesLocally(TestNG.java:1134)
at org.testng.TestNG.runSuites(TestNG.java:1063)
at org.testng.TestNG.run(TestNG.java:1031)
at org.testng.remote.AbstractRemoteTestNG.run(AbstractRemoteTestNG.java:115)
at org.testng.remote.RemoteTestNG.initAndRun(RemoteTestNG.java:293)
at org.testng.remote.RemoteTestNG.main(RemoteTestNG.java:91)
]]>
            </full-stacktrace>
          </exception> <!-- java.lang.Throwable -->
          <reporter-output>
          </reporter-output>
        </test-method> <!-- redbus -->
        <test-method is-config="true" signature="afterClass()[pri:0, instance:ExtentReport.reportWithGenerateTestCases@27462a88]" started-at="2024-05-31T10:46:39 IST" name="afterClass" finished-at="2024-05-31T10:46:39 IST" duration-ms="466" status="PASS">
          <reporter-output>
          </reporter-output>
        </test-method> <!-- afterClass -->
      </class> <!-- ExtentReport.reportWithGenerateTestCases -->
    </test> <!-- Default test -->
  </suite> <!-- Default suite -->
</testng-results>
